2013/03/20 03:01:14 [error] [exception.CException] exception 'CException' with message 'Theme directory "/Applications/drag0n.app/Contents/Resources/config/../Interface" does not exist.' in /Applications/drag0n.app/Contents/Frameworks/yii.bundle/Contents/Resources/web/CThemeManager.php:111
Stack trace:
#0 /Applications/drag0n.app/Contents/Frameworks/yii.bundle/Contents/Resources/base/CComponent.php(153): CThemeManager->setBasePath('/Applications/d...')
#1 /Applications/drag0n.app/Contents/Frameworks/yii.bundle/Contents/Resources/YiiBase.php(222): CComponent->__set('basePath', '/Applications/d...')
#2 /Applications/drag0n.app/Contents/Frameworks/yii.bundle/Contents/Resources/base/CModule.php(387): YiiBase::createComponent(Array)
#3 /Applications/drag0n.app/Contents/Frameworks/yii.bundle/Contents/Resources/web/CWebApplication.php(249): CModule->getComponent('themeManager')
#4 /Applications/drag0n.app/Contents/Frameworks/yii.bundle/Contents/Resources/web/CWebApplication.php(258): CWebApplication->getThemeManager()
#5 /Applications/drag0n.app/Contents/Frameworks/yii.bundle/Contents/Resources/web/CController.php(587): CWebApplication->getTheme()
#6 /Applications/drag0n.app/Contents/Frameworks/yii.bundle/Contents/Resources/web/CController.php(868): CController->getViewFile('index')
#7 /Applications/drag0n.app/Contents/Frameworks/yii.bundle/Contents/Resources/web/CController.php(783): CController->renderPartial('index', NULL, true)
#8 /Applications/drag0n.app/Contents/Resources/controllers/SiteController.php(13): CController->render('index')
#9 /Applications/drag0n.app/Contents/Frameworks/yii.bundle/Contents/Resources/web/actions/CInlineAction.php(50): SiteController->actionIndex()
#10 /Applications/drag0n.app/Contents/Frameworks/yii.bundle/Contents/Resources/web/CController.php(309): CInlineAction->runWithParams(Array)
#11 /Applications/drag0n.app/Contents/Frameworks/yii.bundle/Contents/Resources/web/CController.php(287): CController->runAction(Object(CInlineAction))
#12 /Applications/drag0n.app/Contents/Frameworks/yii.bundle/Contents/Resources/web/CController.php(266): CController->runActionWithFilters(Object(CInlineAction), Array)
#13 /Applications/drag0n.app/Contents/Frameworks/yii.bundle/Contents/Resources/web/CWebApplication.php(283): CController->run('')
#14 /Applications/drag0n.app/Contents/Frameworks/yii.bundle/Contents/Resources/web/CWebApplication.php(142): CWebApplication->runController('')
#15 /Applications/drag0n.app/Contents/Frameworks/yii.bundle/Contents/Resources/base/CApplication.php(162): CWebApplication->processRequest()
#16 /Applications/drag0n.app/Contents/index.php(20): CApplication->run()
#17 {main}
REQUEST_URI=http://appjs/index.php
---
2013/04/11 02:45:04 [error] [php] explode() expects parameter 2 to be string, array given (/Applications/drag0n.app/Contents/Application/views/site/index.php:11)
Stack trace:
#0 /Applications/drag0n.app/Contents/Frameworks/yii.framework/Resources/web/CBaseController.php(96): SiteController->renderInternal()
#1 /Applications/drag0n.app/Contents/Frameworks/yii.framework/Resources/web/CController.php(870): SiteController->renderFile()
#2 /Applications/drag0n.app/Contents/Frameworks/yii.framework/Resources/web/CController.php(783): SiteController->renderPartial()
#3 /Applications/drag0n.app/Contents/Application/controllers/SiteController.php(13): SiteController->render()
#4 /Applications/drag0n.app/Contents/Frameworks/yii.framework/Resources/web/actions/CInlineAction.php(50): SiteController->actionIndex()
#5 /Applications/drag0n.app/Contents/Frameworks/yii.framework/Resources/web/CController.php(309): CInlineAction->runWithParams()
#6 /Applications/drag0n.app/Contents/Frameworks/yii.framework/Resources/web/CController.php(287): SiteController->runAction()
#7 /Applications/drag0n.app/Contents/Frameworks/yii.framework/Resources/web/CController.php(266): SiteController->runActionWithFilters()
#8 /Applications/drag0n.app/Contents/Frameworks/yii.framework/Resources/web/CWebApplication.php(283): SiteController->run()
#9 /Applications/drag0n.app/Contents/Frameworks/yii.framework/Resources/web/CWebApplication.php(142): CWebApplication->runController()
#10 /Applications/drag0n.app/Contents/Frameworks/yii.framework/Resources/base/CApplication.php(162): CWebApplication->processRequest()
#11 /Applications/drag0n.app/Contents/index.php(29): CWebApplication->run()
REQUEST_URI=http://appjs/index.php
in /Applications/drag0n.app/Contents/Application/views/site/index.php (11)
in /Applications/drag0n.app/Contents/Application/controllers/SiteController.php (13)
in /Applications/drag0n.app/Contents/index.php (29)
2013/04/11 02:45:25 [error] [php] explode() expects parameter 1 to be string, array given (/Applications/drag0n.app/Contents/Application/views/site/index.php:11)
Stack trace:
#0 /Applications/drag0n.app/Contents/Frameworks/yii.framework/Resources/web/CBaseController.php(96): SiteController->renderInternal()
#1 /Applications/drag0n.app/Contents/Frameworks/yii.framework/Resources/web/CController.php(870): SiteController->renderFile()
#2 /Applications/drag0n.app/Contents/Frameworks/yii.framework/Resources/web/CController.php(783): SiteController->renderPartial()
#3 /Applications/drag0n.app/Contents/Application/controllers/SiteController.php(13): SiteController->render()
#4 /Applications/drag0n.app/Contents/Frameworks/yii.framework/Resources/web/actions/CInlineAction.php(50): SiteController->actionIndex()
#5 /Applications/drag0n.app/Contents/Frameworks/yii.framework/Resources/web/CController.php(309): CInlineAction->runWithParams()
#6 /Applications/drag0n.app/Contents/Frameworks/yii.framework/Resources/web/CController.php(287): SiteController->runAction()
#7 /Applications/drag0n.app/Contents/Frameworks/yii.framework/Resources/web/CController.php(266): SiteController->runActionWithFilters()
#8 /Applications/drag0n.app/Contents/Frameworks/yii.framework/Resources/web/CWebApplication.php(283): SiteController->run()
#9 /Applications/drag0n.app/Contents/Frameworks/yii.framework/Resources/web/CWebApplication.php(142): CWebApplication->runController()
#10 /Applications/drag0n.app/Contents/Frameworks/yii.framework/Resources/base/CApplication.php(162): CWebApplication->processRequest()
#11 /Applications/drag0n.app/Contents/index.php(29): CWebApplication->run()
REQUEST_URI=http://appjs/index.php
in /Applications/drag0n.app/Contents/Application/views/site/index.php (11)
in /Applications/drag0n.app/Contents/Application/controllers/SiteController.php (13)
in /Applications/drag0n.app/Contents/index.php (29)
